[2022-05-3120:45:41] [ INFO ] [MedicamentoDaoH2:42] Conexión exitosa
[2022-05-3120:45:41] [ INFO ] [MedicamentoDaoH2:65] Se han insertado datos en la tabla
[2022-05-3121:50:41] [ INFO ] [MedicamentoDaoH2:42] Conexión exitosa
[2022-05-3121:55:10] [ INFO ] [MedicamentoDaoH2:42] Conexión exitosa
[2022-05-3121:55:10] [ INFO ] [MedicamentoDaoH2:76] buscando medicamento
[2022-05-3122:33:14] [ INFO ] [MedicamentoDaoH2:44] Conexión exitosa
[2022-05-3122:33:14] [ INFO ] [MedicamentoDaoH2:78] buscando medicamento
[2022-05-3122:34:10] [ INFO ] [MedicamentoDaoH2:44] Conexión exitosa
[2022-05-3122:34:10] [ INFO ] [MedicamentoDaoH2:78] buscando medicamento
[2022-05-3122:50:39] [ INFO ] [MedicamentoDaoH2:44] Conexión exitosa, se ha creado la tabla
[2022-05-3122:50:39] [ INFO ] [MedicamentoDaoH2:78] buscando medicamento con id1
[2022-05-3122:50:39] [ INFO ] [MedicamentoDaoH2:85] armando objeto del medicamento1-123-paracetamol
[2022-06-0117:00:37] [ ERROR] [EstudianteDaoH2:68] error en la inserción del registro a la BD
[2022-06-0117:09:04] [ INFO ] [MedicamentoDaoH2:44] Conexión exitosa, se ha creado la tabla
[2022-06-0117:09:05] [ INFO ] [MedicamentoDaoH2:78] buscando medicamento con id1
[2022-06-0117:09:05] [ INFO ] [MedicamentoDaoH2:85] armando objeto del medicamento 1-123-paracetamol
[2022-06-0117:09:46] [ ERROR] [EstudianteDaoH2:46] error de conexión a la BD
[2022-06-0117:09:46] [ ERROR] [EstudianteDaoH2:73] error en la inserción del registro a la BD
[2022-06-0117:11:40] [ ERROR] [EstudianteDaoH2:46] error de conexión a la BD
[2022-06-0117:11:40] [ ERROR] [EstudianteDaoH2:73] error en la inserción del registro a la BD
[2022-06-0117:13:15] [ ERROR] [EstudianteDaoH2:46] error de conexión a la BD
[2022-06-0117:13:15] [ ERROR] [EstudianteDaoH2:73] error en la inserción del registro a la BD
[2022-06-0117:13:52] [ INFO ] [EstudianteDaoH2:42] Conexión exitosa, se ha creado la tabla
[2022-06-0117:13:52] [ INFO ] [EstudianteDaoH2:68] se ha insertado el registro con id 1 en la BD
[2022-06-0117:21:17] [ ERROR] [EstudianteDaoH2:46] error de conexión a la BD
[2022-06-0117:21:44] [ INFO ] [EstudianteDaoH2:42] Conexión exitosa, se ha creado la tabla
[2022-06-0117:21:44] [ ERROR] [EstudianteDaoH2:73] error en la inserción del registro a la BD
[2022-06-0117:21:44] [ INFO ] [EstudianteDaoH2:42] Conexión exitosa, se ha creado la tabla
[2022-06-0117:21:44] [ INFO ] [EstudianteDaoH2:68] se ha insertado el registro con id 2 en la BD
[2022-06-0117:21:44] [ INFO ] [EstudianteDaoH2:42] Conexión exitosa, se ha creado la tabla
[2022-06-0117:21:44] [ INFO ] [EstudianteDaoH2:68] se ha insertado el registro con id 3 en la BD
[2022-06-0117:23:51] [ INFO ] [EstudianteDaoH2:42] Conexión exitosa, se ha creado la tabla
[2022-06-0117:23:51] [ INFO ] [EstudianteDaoH2:93] se ha eliminado el registro con id 1 de la BD
[2022-06-0117:25:40] [ ERROR] [EstudianteDaoH2:46] error de conexión a la BD
[2022-06-0117:26:09] [ INFO ] [EstudianteDaoH2:42] Conexión exitosa, se ha creado la tabla
[2022-06-0117:26:09] [ INFO ] [EstudianteDaoH2:168] la lista de estudiantes es [id=2, nombre='Cielo', apellido='Agudelo, id=3, nombre='Carlos', apellido='Echavarria]
[2022-06-0117:27:05] [ INFO ] [EstudianteDaoH2:42] Conexión exitosa, se ha creado la tabla
[2022-06-0117:27:05] [ INFO ] [EstudianteDaoH2:168] la lista de estudiantes es [id=2, nombre='Cielo', apellido='Agudelo, id=3, nombre='Carlos', apellido='Echavarria]
[2022-06-0117:27:05] [ INFO ] [EstudianteDaoH2:42] Conexión exitosa, se ha creado la tabla
[2022-06-0117:27:05] [ INFO ] [EstudianteDaoH2:129] se ha encontrado el estudiante: id=3, nombre='Carlos', apellido='Echavarria
[2022-06-0118:33:54] [ INFO ] [MedicamentoDaoH2:89] buscando medicamento con id1
[2022-06-0118:33:54] [ INFO ] [MedicamentoDaoH2:96] armando objeto del medicamento 1-123-paracetamol
[2022-06-0118:35:10] [ INFO ] [MedicamentoDaoH2:89] buscando medicamento con id1
[2022-06-0118:35:10] [ INFO ] [MedicamentoDaoH2:96] armando objeto del medicamento 1-123-paracetamol
[2022-06-0118:36:12] [ INFO ] [MedicamentoDaoH2:89] buscando medicamento con id1
[2022-06-0118:36:12] [ INFO ] [MedicamentoDaoH2:96] armando objeto del medicamento 1-123-paracetamol
[2022-06-0118:42:10] [ INFO ] [MedicamentoDaoH2:55] Conexión exitosa, se ha creado la tabla
[2022-06-0118:42:10] [ INFO ] [MedicamentoDaoH2:89] buscando medicamento con id1
[2022-06-0118:42:10] [ INFO ] [MedicamentoDaoH2:96] armando objeto del medicamento 1-123-paracetamol
[2022-06-0118:54:16] [ INFO ] [MedicamentoDaoH2:55] Conexión exitosa, se ha creado la tabla
[2022-06-0119:24:14] [ INFO ] [MedicamentoDaoH2:55] Conexión exitosa, se ha creado la tabla
[2022-06-0119:25:13] [ INFO ] [MedicamentoDaoH2:55] Conexión exitosa, se ha creado la tabla
[2022-06-0212:47:05] [ INFO ] [EstudianteDaoH2:42] Conexión exitosa a la tabla
[2022-06-0212:47:05] [ INFO ] [EstudianteDaoH2:68] se ha insertado el registro con id 1 en la BD
[2022-06-0212:47:05] [ INFO ] [EstudianteDaoH2:42] Conexión exitosa a la tabla
[2022-06-0212:47:05] [ INFO ] [EstudianteDaoH2:68] se ha insertado el registro con id 2 en la BD
[2022-06-0212:47:05] [ INFO ] [EstudianteDaoH2:42] Conexión exitosa a la tabla
[2022-06-0212:47:05] [ INFO ] [EstudianteDaoH2:68] se ha insertado el registro con id 3 en la BD
[2022-06-0212:47:05] [ INFO ] [EstudianteDaoH2:42] Conexión exitosa a la tabla
[2022-06-0212:47:05] [ INFO ] [EstudianteDaoH2:93] se ha eliminado el registro con id 1 de la BD
[2022-06-0212:47:05] [ INFO ] [EstudianteDaoH2:42] Conexión exitosa a la tabla
[2022-06-0212:47:05] [ INFO ] [EstudianteDaoH2:168] la lista de estudiantes es [id=2, nombre='Cielo', apellido='Agudelo, id=3, nombre='Carlos', apellido='Echavarria]
[2022-06-0212:47:05] [ INFO ] [EstudianteDaoH2:42] Conexión exitosa a la tabla
[2022-06-0212:47:05] [ INFO ] [EstudianteDaoH2:129] se ha encontrado el estudiante: id=3, nombre='Carlos', apellido='Echavarria
[2022-06-0216:40:55] [ INFO ] [MedicamentoDaoH2:55] Conexión exitosa, se ha creado la tabla
[2022-06-0216:47:20] [ INFO ] [MedicamentoDaoH2:55] Conexión exitosa, se ha creado la tabla
[2022-06-0216:47:57] [ INFO ] [MedicamentoDaoH2:55] Conexión exitosa, se ha creado la tabla
[2022-06-0216:47:57] [ INFO ] [MedicamentoDaoH2:78] Se han insertado datos en la tabla del medicamentoparacetamol
[2022-06-0216:47:57] [ INFO ] [MedicamentoDaoH2:55] Conexión exitosa, se ha creado la tabla
[2022-06-0216:47:57] [ INFO ] [MedicamentoDaoH2:89] buscando medicamento con id1
[2022-06-0216:47:57] [ INFO ] [MedicamentoDaoH2:96] armando objeto del medicamento 1-123-paracetamol
[2022-06-0216:48:46] [ INFO ] [MedicamentoDaoH2:55] Conexión exitosa, se ha creado la tabla
[2022-06-0216:48:46] [ INFO ] [MedicamentoDaoH2:89] buscando medicamento con id1
[2022-06-0216:48:46] [ INFO ] [MedicamentoDaoH2:96] armando objeto del medicamento 1-123-paracetamol
